#
# There is insufficient memory for the Java Runtime Environment to continue.
# Native memory allocation (malloc) failed to allocate 1048576 bytes for AllocateHeap
# Possible reasons:
#   The system is out of physical RAM or swap space
#   The process is running with CompressedOops enabled, and the Java Heap may be blocking the growth of the native heap
# Possible solutions:
#   Reduce memory load on the system
#   Increase physical memory or swap space
#   Check if swap backing store is full
#   Decrease Java heap size (-Xmx/-Xms)
#   Decrease number of Java threads
#   Decrease Java thread stack sizes (-Xss)
#   Set larger code cache with -XX:ReservedCodeCacheSize=
#   JVM is running with Unscaled Compressed Oops mode in which the Java heap is
#     placed in the first 4GB address space. The Java Heap base address is the
#     maximum limit for the native heap growth. Please use -XX:HeapBaseMinAddress
#     to set the Java Heap base and to place the Java Heap above 4GB virtual address.
# This output file may be truncated or incomplete.
#
#  Out of Memory Error (memory/allocation.inline.hpp:61), pid=26616, tid=0x0000000000000ee4
#
# JRE version:  (8.0_201-b09) (build )
# Java VM: Java HotSpot(TM) 64-Bit Server VM (25.201-b09 mixed mode windows-amd64 compressed oops)
# Failed to write core dump. Minidumps are not enabled by default on client versions of Windows
#

---------------  T H R E A D  ---------------

Current thread (0x0000000003232800):  JavaThread "Unknown thread" [_thread_in_vm, id=3812, stack(0x0000000003060000,0x0000000003160000)]

Stack: [0x0000000003060000,0x0000000003160000]
[error occurred during error reporting (printing stack bounds), id 0xc0000005]

Native frames: (J=compiled Java code, j=interpreted, Vv=VM code, C=native code)


---------------  P R O C E S S  ---------------

Java Threads: ( => current thread )

Other Threads:

=>0x0000000003232800 (exited) JavaThread "Unknown thread" [_thread_in_vm, id=3812, stack(0x0000000003060000,0x0000000003160000)]

VM state:not at safepoint (normal execution)

VM Mutex/Monitor currently owned by a thread: None

heap address: 0x0000000084000000, size: 1984 MB, Compressed Oops mode: 32-bit
Narrow klass base: 0x0000000000000000, Narrow klass shift: 3
Compressed class space size: 1073741824 Address: 0x0000000100000000

Heap:
 PSYoungGen      total 36864K, used 634K [0x00000000d6b00000, 0x00000000d9400000, 0x0000000100000000)
  eden space 31744K, 2% used [0x00000000d6b00000,0x00000000d6b9eb90,0x00000000d8a00000)
  from space 5120K, 0% used [0x00000000d8f00000,0x00000000d8f00000,0x00000000d9400000)
  to   space 5120K, 0% used [0x00000000d8a00000,0x00000000d8a00000,0x00000000d8f00000)
 ParOldGen       total 84992K, used 0K [0x0000000084000000, 0x0000000089300000, 0x00000000d6b00000)
  object space 84992K, 0% used [0x0000000084000000,0x0000000084000000,0x0000000089300000)
 Metaspace       used 775K, capacity 4480K, committed 4480K, reserved 1056768K
  class space    used 76K, capacity 384K, committed 384K, reserved 1048576K

Card table byte_map: [0x00000000126f0000,0x0000000012ae0000] byte_map_base: 0x00000000122d0000

Marking Bits: (ParMarkBitMap*) 0x00000000758d4ce0
 Begin Bits: [0x0000000013180000, 0x0000000015080000)
 End Bits:   [0x0000000015080000, 0x0000000016f80000)

Polling page: 0x00000000017a0000

CodeCache: size=245760Kb used=328Kb max_used=328Kb free=245431Kb
 bounds [0x0000000003330000, 0x00000000035a0000, 0x0000000012330000]
 total_blobs=58 nmethods=0 adapters=38
 compilation: enabled

Compilation events (0 events):
No events

GC Heap History (0 events):
No events

Deoptimization events (0 events):
No events

Classes redefined (0 events):
No events

Internal exceptions (0 events):
No events

Events (10 events):
Event: 0.019 loading class java/lang/Short
Event: 0.020 loading class java/lang/Short done
Event: 0.020 loading class java/lang/Integer
Event: 0.020 loading class java/lang/Integer done
Event: 0.020 loading class java/lang/Long
Event: 0.020 loading class java/lang/Long done
Event: 0.020 loading class java/lang/NullPointerException
Event: 0.020 loading class java/lang/NullPointerException done
Event: 0.020 loading class java/lang/ArithmeticException
Event: 0.020 loading class java/lang/ArithmeticException done


Dynamic libraries:
0x00007ff793880000 - 0x00007ff7938b7000 	C:\Program Files\Java\jdk1.8.0_201\bin\java.exe
0x00007ff821f60000 - 0x00007ff8221c0000 	C:\WINDOWS\SYSTEM32\ntdll.dll
0x00007ff820050000 - 0x00007ff820117000 	C:\WINDOWS\System32\KERNEL32.DLL
0x00007ff81f360000 - 0x00007ff81f72a000 	C:\WINDOWS\System32\KERNELBASE.dll
0x00007ff820660000 - 0x00007ff820712000 	C:\WINDOWS\System32\ADVAPI32.dll
0x00007ff8217f0000 - 0x00007ff821899000 	C:\WINDOWS\System32\msvcrt.dll
0x00007ff8201c0000 - 0x00007ff820266000 	C:\WINDOWS\System32\sechost.dll
0x00007ff81fdd0000 - 0x00007ff81fee6000 	C:\WINDOWS\System32\RPCRT4.dll
0x00007ff821c70000 - 0x00007ff821e3c000 	C:\WINDOWS\System32\USER32.dll
0x00007ff81f330000 - 0x00007ff81f357000 	C:\WINDOWS\System32\win32u.dll
0x00007ff821600000 - 0x00007ff82162a000 	C:\WINDOWS\System32\GDI32.dll
0x00007ff81f1f0000 - 0x00007ff81f321000 	C:\WINDOWS\System32\gdi32full.dll
0x00007ff81f140000 - 0x00007ff81f1e3000 	C:\WINDOWS\System32\msvcp_win.dll
0x00007ff81fc10000 - 0x00007ff81fd5b000 	C:\WINDOWS\System32\ucrtbase.dll
0x00007ff805140000 - 0x00007ff8053d7000 	C:\WINDOWS\WinSxS\amd64_microsoft.windows.common-controls_6595b64144ccf1df_6.0.26100.3624_none_3e086962e3345f24\COMCTL32.dll
0x00007ff8218a0000 - 0x00007ff8218cf000 	C:\WINDOWS\System32\IMM32.DLL
0x0000000074fd0000 - 0x00000000750a1000 	C:\Program Files\Java\jdk1.8.0_201\jre\bin\msvcr100.dll
0x00000000750b0000 - 0x0000000075954000 	C:\Program Files\Java\jdk1.8.0_201\jre\bin\server\jvm.dll
0x00007ff820270000 - 0x00007ff820278000 	C:\WINDOWS\System32\PSAPI.DLL
0x00007ff80c190000 - 0x00007ff80c19a000 	C:\WINDOWS\SYSTEM32\WSOCK32.dll
0x00007ff819d50000 - 0x00007ff819d86000 	C:\WINDOWS\SYSTEM32\WINMM.dll
0x00007ff821710000 - 0x00007ff821784000 	C:\WINDOWS\System32\WS2_32.dll
0x00007ff808dd0000 - 0x00007ff808ddb000 	C:\WINDOWS\SYSTEM32\VERSION.dll
0x00007ff805b50000 - 0x00007ff805b5f000 	C:\Program Files\Java\jdk1.8.0_201\jre\bin\verify.dll
0x00007fffeb0b0000 - 0x00007fffeb0d9000 	C:\Program Files\Java\jdk1.8.0_201\jre\bin\java.dll
0x00007ffff0770000 - 0x00007ffff0786000 	C:\Program Files\Java\jdk1.8.0_201\jre\bin\zip.dll

VM Arguments:
jvm_args: -Dfile.encoding=UTF-8 
java_command: onlinequiz.Score
java_class_path (initial): C:\Users\HP\Documents\NetBeansProjects\OnlineQuiz\build\classes
Launcher Type: SUN_STANDARD

Environment Variables:
JAVA_HOME=C:\Program Files\Microsoft\jdk-17.0.14.7-hotspot/
PATH=C:\Program Files\Microsoft\jdk-17.0.14.7-hotspot\bin;C:\Program Files\MongoDB\Server\6.0\bin;C:\Program Files\MySQL\MySQL Server 8.0\bin;C:\WINDOWS\system32;C:\WINDOWS;C:\WINDOWS\System32\Wbem;C:\WINDOWS\System32\WindowsPowerShell\v1.0\;C:\WINDOWS\System32\OpenSSH\;C:\Program Files\Git\cmd;C:\ProgramData\chocolatey\bin;C:\Program Files\nodejs\;C:\Users\HP\AppData\Local\Android\Sdk\platforms;C:\Users\HP\AppData\Local\Android\Sdk\emulator;C:\Users\HP\AppData\Local\Android\Sdk\build-tools;C:\Users\HP\AppData\Local\Programs\Python\Python313\;C:\Users\HP\AppData\Local\Programs\Python\Launcher\;C:\Program Files\MySQL\MySQL Shell 8.0\bin\;C:\Users\HP\AppData\Local\Microsoft\WindowsApps;C:\Users\HP\AppData\Local\Programs\Microsoft VS Code\bin;C:\Users\HP\AppData\Roaming\npm;C:\Users\HP\AppData\Local\Android\Sdk\platform-tools;C:\Users\HP\AppData\Local\Android\Sdk;C:\Users\HP\AppData\Local\Android\Sdk\emulator;C:\Users\HP\AppData\Local\Android\Sdk\build-tools;C:\Users\HP\AppData\Local\Android\Sdk\platforms;C:\Program Files\Microsoft\jdk-17.0.14.7-hotspot\bin;
USERNAME=HP
OS=Windows_NT
PROCESSOR_IDENTIFIER=Intel64 Family 6 Model 140 Stepping 1, GenuineIntel



---------------  S Y S T E M  ---------------

OS: Windows 10.0 , 64 bit Build 26100 (10.0.26100.3775)

CPU:total 4 (initial active 4) (2 cores per cpu, 2 threads per core) family 6 model 140 stepping 1, cmov, cx8, fxsr, mmx, sse, sse2, sse3, ssse3, sse4.1, sse4.2, popcnt, avx, avx2, aes, clmul, erms, 3dnowpref, lzcnt, ht, tsc, tscinvbit, bmi1, bmi2, adx

Memory: 4k page, physical 8123000k(569176k free), swap 33288824k(10400k free)

vm_info: Java HotSpot(TM) 64-Bit Server VM (25.201-b09) for windows-amd64 JRE (1.8.0_201-b09), built on Dec 15 2018 18:36:39 by "java_re" with MS VC++ 10.0 (VS2010)

time: Sat May 10 00:23:19 2025
timezone: India Standard Time
elapsed time: 0 seconds (0d 0h 0m 0s)

